<?xml version="1.0" encoding="UTF-8"?>
<!-- Generated by org.testng.reporters.JUnitReportReporter -->
<testsuite hostname="VISHAL-LPT" name="Epaylater.book" tests="1" failures="0" timestamp="23 Sep 2017 18:20:27 GMT" time="8.750" errors="0">
  <testcase name="login_book_my_Show" time="8.750" classname="Epaylater.book"/>
</testsuite> <!-- Epaylater.book -->
