<?xml version="1.0" encoding="UTF-8"?>
<!-- Generated by org.testng.reporters.JUnitReportReporter -->
<testsuite hostname="VISHAL-LPT" name="Epaylater.EpayLater" tests="2" failures="0" timestamp="23 Sep 2017 18:48:59 GMT" time="15.637" errors="0">
  <testcase name="login_EpayLater" time="12.109" classname="Epaylater.EpayLater"/>
  <testcase name="start_new_application" time="3.528" classname="Epaylater.EpayLater"/>
</testsuite> <!-- Epaylater.EpayLater -->
