<?xml version="1.0" encoding="UTF-8"?>
<!-- Generated by org.testng.reporters.JUnitReportReporter -->
<testsuite hostname="VISHAL-LPT" name="HaloDoc.book" tests="1" failures="0" timestamp="23 Sep 2017 09:25:39 GMT" time="60.065" errors="0">
  <testcase name="login_book_my_Show" time="60.065" classname="HaloDoc.book"/>
</testsuite> <!-- HaloDoc.book -->
