<?xml version="1.0" encoding="UTF-8"?>
<!-- Generated by org.testng.reporters.JUnitReportReporter -->
<testsuite hostname="VISHAL-LPT" name="Epaylater.EpayLater_Testcases" tests="1" failures="0" timestamp="23 Sep 2017 19:43:25 GMT" time="7.923" errors="0">
  <testcase name="login_EpayLater" time="7.923" classname="Epaylater.EpayLater_Testcases"/>
</testsuite> <!-- Epaylater.EpayLater_Testcases -->
